<?xml version="1.0" encoding="UTF-8"?>
<!-- Generated by org.testng.reporters.JUnitReportReporter -->
<testsuite hostname="DESKTOP-JA3VV36" failures="0" tests="1" name="scripts.TestCase3" time="51.216" errors="0" timestamp="2022-05-02T17:54:32 IST" skipped="0">
  <testcase classname="scripts.TestCase3" name="tc1" time="51.216"/>
  <system-out/>
</testsuite> <!-- scripts.TestCase3 -->
