<?xml version="1.0" encoding="UTF-8"?>
<!-- Generated by org.testng.reporters.JUnitReportReporter -->
<testsuite hostname="DESKTOP-JA3VV36" failures="0" tests="1" name="scripts.Testcase1" time="90.510" errors="0" timestamp="2022-05-02T17:45:56 IST" skipped="0">
  <testcase classname="scripts.Testcase1" name="tc1" time="90.510"/>
  <system-out/>
</testsuite> <!-- scripts.Testcase1 -->
